<?xml version="1.0" encoding="UTF-8"?>
<!-- Generated by org.testng.reporters.JUnitReportReporter -->
<testsuite hostname="LTB0224547-Mac.local" failures="0" tests="1" name="HomePage" time="31.093" errors="0" timestamp="2022-08-03T01:44:50 IST" skipped="0">
  <testcase classname="HomePage" name="launchApp" time="31.093"/>
  <system-out/>
</testsuite> <!-- HomePage -->
